<?xml version="1.0" encoding="UTF-8"?>
<!-- Generated by org.testng.reporters.JUnitReportReporter -->
<testsuite skipped="0" hostname="Deepti-PC" name="com.practice.tests.HomePageTest" tests="1" failures="0" timestamp="21 Oct 2020 12:00:15 GMT" time="0.015" errors="0">
  <testcase name="testMethod" time="0.015" classname="com.practice.tests.HomePageTest"/>
</testsuite> <!-- com.practice.tests.HomePageTest -->
